<?xml version="1.0" encoding="UTF-8"?>
<!-- Generated by org.testng.reporters.JUnitReportReporter -->
<testsuite hostname="LIN-5CG11972D2" failures="0" tests="1" name="com.test.HttpRequests" time="3.739" errors="0" timestamp="2024-05-09T20:47:55 IST" skipped="0">
  <testcase classname="com.test.HttpRequests" name="createUserFetch" time="3.739"/>
  <system-out/>
</testsuite> <!-- com.test.HttpRequests -->
