<?xml version="1.0" encoding="UTF-8"?>
<!-- Generated by org.testng.reporters.JUnitReportReporter -->
<testsuite hostname="LIN-5CG11972D2" failures="0" tests="1" name="com.test.day3.CookiesDemo" time="2.580" errors="0" timestamp="2024-05-10T19:42:28 IST" skipped="0">
  <testcase classname="com.test.day3.CookiesDemo" name="getCookiesInfo" time="2.580"/>
  <system-out/>
</testsuite> <!-- com.test.day3.CookiesDemo -->
