<?xml version="1.0" encoding="UTF-8"?>
<!-- Generated by org.testng.reporters.JUnitReportReporter -->
<testsuite hostname="LIN-5CG11972D2" failures="0" tests="1" name="com.test.day4.ParsingJSONResponseData" time="2.943" errors="0" timestamp="2024-06-19T10:24:56 IST" skipped="0">
  <testcase classname="com.test.day4.ParsingJSONResponseData" name="testJSONResponse" time="2.943"/>
  <system-out/>
</testsuite> <!-- com.test.day4.ParsingJSONResponseData -->
