<?xml version="1.0" encoding="UTF-8"?>
<!-- Generated by org.testng.reporters.JUnitReportReporter -->
<testsuite hostname="LIN-5CG11972D2" failures="0" tests="1" name="com.test.day2.MultipleWaysToCreatePostRequestBody" time="3.703" errors="0" timestamp="2024-05-11T12:24:58 IST" skipped="0">
  <testcase classname="com.test.day2.MultipleWaysToCreatePostRequestBody" name="usingJsonFile" time="3.703"/>
  <system-out/>
</testsuite> <!-- com.test.day2.MultipleWaysToCreatePostRequestBody -->
