<?xml version="1.0" encoding="UTF-8"?>
<!-- Generated by org.testng.reporters.JUnitReportReporter -->
<testsuite hostname="LIN-5CG11972D2" failures="0" tests="1" name="com.test.day3.HeadersDemo" time="3.425" errors="0" timestamp="2024-05-10T19:46:06 IST" skipped="0">
  <testcase classname="com.test.day3.HeadersDemo" name="testHeaders" time="3.425"/>
  <system-out/>
</testsuite> <!-- com.test.day3.HeadersDemo -->
