<?xml version="1.0" encoding="UTF-8"?>
<!-- Generated by org.testng.reporters.JUnitReportReporter -->
<testsuite hostname="LIN-5CG11972D2" failures="0" tests="1" name="com.test.day3.HeadersDemo" time="3.469" errors="0" timestamp="2024-06-18T19:54:21 IST" skipped="0">
  <testcase classname="com.test.day3.HeadersDemo" name="testHeaders" time="3.469"/>
  <system-out/>
</testsuite> <!-- com.test.day3.HeadersDemo -->
